[03-Mar-2026 08:17:19 UTC] PHP Warning:  require_once(/opt/lampp/htdocs/infosystems/wp-content/plugins/infosystems-iwms/includes/class-roles.php): Failed to open stream: No such file or directory in /opt/lampp/htdocs/infosystems/wp-content/plugins/infosystems-iwms/includes/class-init.php on line 13
[03-Mar-2026 08:17:19 UTC] PHP Fatal error:  Uncaught Error: Failed opening required '/opt/lampp/htdocs/infosystems/wp-content/plugins/infosystems-iwms/includes/class-roles.php' (include_path='.:/opt/lampp/lib/php') in /opt/lampp/htdocs/infosystems/wp-content/plugins/infosystems-iwms/includes/class-init.php:13
Stack trace:
#0 /opt/lampp/htdocs/infosystems/wp-content/plugins/infosystems-iwms/includes/class-init.php(8): IWMS_Init->load_dependencies()
#1 /opt/lampp/htdocs/infosystems/wp-content/plugins/infosystems-iwms/includes/class-init.php(18): IWMS_Init->__construct()
#2 /opt/lampp/htdocs/infosystems/wp-content/plugins/infosystems-iwms/infosystems-iwms.php(14): require_once('/opt/lampp/htdo...')
#3 /opt/lampp/htdocs/infosystems/wp-admin/includes/plugin.php(2400): include_once('/opt/lampp/htdo...')
#4 /opt/lampp/htdocs/infosystems/wp-admin/includes/plugin.php(673): plugin_sandbox_scrape('infosystems-iwm...')
#5 /opt/lampp/htdocs/infosystems/wp-admin/plugins.php(60): activate_plugin('infosystems-iwm...', 'http://localhos...', false)
#6 {main}
  thrown in /opt/lampp/htdocs/infosystems/wp-content/plugins/infosystems-iwms/includes/class-init.php on line 13
[03-Mar-2026 08:22:02 UTC] PHP Warning:  require_once(/opt/lampp/htdocs/infosystems/wp-content/plugins/infosystems-iwms/includes/class-roles.php): Failed to open stream: No such file or directory in /opt/lampp/htdocs/infosystems/wp-content/plugins/infosystems-iwms/includes/class-init.php on line 12
[03-Mar-2026 08:22:02 UTC] PHP Fatal error:  Uncaught Error: Failed opening required '/opt/lampp/htdocs/infosystems/wp-content/plugins/infosystems-iwms/includes/class-roles.php' (include_path='.:/opt/lampp/lib/php') in /opt/lampp/htdocs/infosystems/wp-content/plugins/infosystems-iwms/includes/class-init.php:12
Stack trace:
#0 /opt/lampp/htdocs/infosystems/wp-content/plugins/infosystems-iwms/includes/class-init.php(7): IWMS_Init->load_dependencies()
#1 /opt/lampp/htdocs/infosystems/wp-content/plugins/infosystems-iwms/includes/class-init.php(17): IWMS_Init->__construct()
#2 /opt/lampp/htdocs/infosystems/wp-content/plugins/infosystems-iwms/infosystems-iwms.php(14): require_once('/opt/lampp/htdo...')
#3 /opt/lampp/htdocs/infosystems/wp-admin/includes/plugin.php(2400): include_once('/opt/lampp/htdo...')
#4 /opt/lampp/htdocs/infosystems/wp-admin/includes/plugin.php(673): plugin_sandbox_scrape('infosystems-iwm...')
#5 /opt/lampp/htdocs/infosystems/wp-admin/plugins.php(60): activate_plugin('infosystems-iwm...', 'http://localhos...', false)
#6 {main}
  thrown in /opt/lampp/htdocs/infosystems/wp-content/plugins/infosystems-iwms/includes/class-init.php on line 12
[03-Mar-2026 08:38:39 UTC] WordPress database error Multiple primary key defined for query ALTER TABLE wp_iwms_attendance CHANGE COLUMN `id` id BIGINT AUTO_INCREMENT PRIMARY KEY made by activate_plugin, do_action('activate_infosystems-iwms/infosystems-iwms.php'), WP_Hook->do_action, WP_Hook->apply_filters, IWMS_Database::create_tables, dbDelta
[03-Mar-2026 08:56:47 UTC] PHP Warning:  require_once(/opt/lampp/htdocs/infosystems/wp-content/plugins/infosystems-iwms/includes/class-projects.php): Failed to open stream: No such file or directory in /opt/lampp/htdocs/infosystems/wp-content/plugins/infosystems-iwms/includes/class-init.php on line 16
[03-Mar-2026 08:56:47 UTC] PHP Fatal error:  Uncaught Error: Failed opening required '/opt/lampp/htdocs/infosystems/wp-content/plugins/infosystems-iwms/includes/class-projects.php' (include_path='.:/opt/lampp/lib/php') in /opt/lampp/htdocs/infosystems/wp-content/plugins/infosystems-iwms/includes/class-init.php:16
Stack trace:
#0 /opt/lampp/htdocs/infosystems/wp-content/plugins/infosystems-iwms/includes/class-init.php(7): IWMS_Init->load_dependencies()
#1 /opt/lampp/htdocs/infosystems/wp-content/plugins/infosystems-iwms/includes/class-init.php(24): IWMS_Init->__construct()
#2 /opt/lampp/htdocs/infosystems/wp-content/plugins/infosystems-iwms/infosystems-iwms.php(14): require_once('/opt/lampp/htdo...')
#3 /opt/lampp/htdocs/infosystems/wp-settings.php(560): include_once('/opt/lampp/htdo...')
#4 /opt/lampp/htdocs/infosystems/wp-config.php(105): require_once('/opt/lampp/htdo...')
#5 /opt/lampp/htdocs/infosystems/wp-load.php(50): require_once('/opt/lampp/htdo...')
#6 /opt/lampp/htdocs/infosystems/wp-admin/admin-ajax.php(22): require_once('/opt/lampp/htdo...')
#7 {main}
  thrown in /opt/lampp/htdocs/infosystems/wp-content/plugins/infosystems-iwms/includes/class-init.php on line 16
[03-Mar-2026 08:57:41 UTC] PHP Fatal error:  Uncaught Error: Class "IWMS_TimeTracker" not found in /opt/lampp/htdocs/infosystems/wp-content/plugins/infosystems-iwms/includes/class-init.php:31
Stack trace:
#0 /opt/lampp/htdocs/infosystems/wp-content/plugins/infosystems-iwms/includes/class-init.php(8): IWMS_Init->init_modules()
#1 /opt/lampp/htdocs/infosystems/wp-content/plugins/infosystems-iwms/includes/class-init.php(40): IWMS_Init->__construct()
#2 /opt/lampp/htdocs/infosystems/wp-content/plugins/infosystems-iwms/infosystems-iwms.php(14): require_once('/opt/lampp/htdo...')
#3 /opt/lampp/htdocs/infosystems/wp-settings.php(560): include_once('/opt/lampp/htdo...')
#4 /opt/lampp/htdocs/infosystems/wp-config.php(105): require_once('/opt/lampp/htdo...')
#5 /opt/lampp/htdocs/infosystems/wp-load.php(50): require_once('/opt/lampp/htdo...')
#6 /opt/lampp/htdocs/infosystems/wp-admin/admin-ajax.php(22): require_once('/opt/lampp/htdo...')
#7 {main}
  thrown in /opt/lampp/htdocs/infosystems/wp-content/plugins/infosystems-iwms/includes/class-init.php on line 31
[03-Mar-2026 08:57:42 UTC] PHP Fatal error:  Uncaught Error: Class "IWMS_TimeTracker" not found in /opt/lampp/htdocs/infosystems/wp-content/plugins/infosystems-iwms/includes/class-init.php:31
Stack trace:
#0 /opt/lampp/htdocs/infosystems/wp-content/plugins/infosystems-iwms/includes/class-init.php(8): IWMS_Init->init_modules()
#1 /opt/lampp/htdocs/infosystems/wp-content/plugins/infosystems-iwms/includes/class-init.php(40): IWMS_Init->__construct()
#2 /opt/lampp/htdocs/infosystems/wp-content/plugins/infosystems-iwms/infosystems-iwms.php(14): require_once('/opt/lampp/htdo...')
#3 /opt/lampp/htdocs/infosystems/wp-settings.php(560): include_once('/opt/lampp/htdo...')
#4 /opt/lampp/htdocs/infosystems/wp-config.php(105): require_once('/opt/lampp/htdo...')
#5 /opt/lampp/htdocs/infosystems/wp-load.php(50): require_once('/opt/lampp/htdo...')
#6 /opt/lampp/htdocs/infosystems/wp-blog-header.php(13): require_once('/opt/lampp/htdo...')
#7 /opt/lampp/htdocs/infosystems/index.php(17): require('/opt/lampp/htdo...')
#8 {main}
  thrown in /opt/lampp/htdocs/infosystems/wp-content/plugins/infosystems-iwms/includes/class-init.php on line 31
[03-Mar-2026 08:57:51 UTC] PHP Fatal error:  Uncaught Error: Class "IWMS_TimeTracker" not found in /opt/lampp/htdocs/infosystems/wp-content/plugins/infosystems-iwms/includes/class-init.php:31
Stack trace:
#0 /opt/lampp/htdocs/infosystems/wp-content/plugins/infosystems-iwms/includes/class-init.php(8): IWMS_Init->init_modules()
#1 /opt/lampp/htdocs/infosystems/wp-content/plugins/infosystems-iwms/includes/class-init.php(40): IWMS_Init->__construct()
#2 /opt/lampp/htdocs/infosystems/wp-content/plugins/infosystems-iwms/infosystems-iwms.php(14): require_once('/opt/lampp/htdo...')
#3 /opt/lampp/htdocs/infosystems/wp-settings.php(560): include_once('/opt/lampp/htdo...')
#4 /opt/lampp/htdocs/infosystems/wp-config.php(105): require_once('/opt/lampp/htdo...')
#5 /opt/lampp/htdocs/infosystems/wp-load.php(50): require_once('/opt/lampp/htdo...')
#6 /opt/lampp/htdocs/infosystems/wp-admin/admin-ajax.php(22): require_once('/opt/lampp/htdo...')
#7 {main}
  thrown in /opt/lampp/htdocs/infosystems/wp-content/plugins/infosystems-iwms/includes/class-init.php on line 31
[03-Mar-2026 08:59:52 UTC] PHP Fatal error:  Uncaught Error: Class "IWMS_TimeTracker" not found in /opt/lampp/htdocs/infosystems/wp-content/plugins/infosystems-iwms/includes/class-init.php:31
Stack trace:
#0 /opt/lampp/htdocs/infosystems/wp-content/plugins/infosystems-iwms/includes/class-init.php(8): IWMS_Init->init_modules()
#1 /opt/lampp/htdocs/infosystems/wp-content/plugins/infosystems-iwms/includes/class-init.php(40): IWMS_Init->__construct()
#2 /opt/lampp/htdocs/infosystems/wp-content/plugins/infosystems-iwms/infosystems-iwms.php(14): require_once('/opt/lampp/htdo...')
#3 /opt/lampp/htdocs/infosystems/wp-settings.php(560): include_once('/opt/lampp/htdo...')
#4 /opt/lampp/htdocs/infosystems/wp-config.php(105): require_once('/opt/lampp/htdo...')
#5 /opt/lampp/htdocs/infosystems/wp-load.php(50): require_once('/opt/lampp/htdo...')
#6 /opt/lampp/htdocs/infosystems/wp-admin/admin-ajax.php(22): require_once('/opt/lampp/htdo...')
#7 {main}
  thrown in /opt/lampp/htdocs/infosystems/wp-content/plugins/infosystems-iwms/includes/class-init.php on line 31
[03-Mar-2026 09:00:14 UTC] PHP Fatal error:  Uncaught Error: Class "IWMS_TimeTracker" not found in /opt/lampp/htdocs/infosystems/wp-content/plugins/infosystems-iwms/includes/class-init.php:31
Stack trace:
#0 /opt/lampp/htdocs/infosystems/wp-content/plugins/infosystems-iwms/includes/class-init.php(8): IWMS_Init->init_modules()
#1 /opt/lampp/htdocs/infosystems/wp-content/plugins/infosystems-iwms/includes/class-init.php(40): IWMS_Init->__construct()
#2 /opt/lampp/htdocs/infosystems/wp-content/plugins/infosystems-iwms/infosystems-iwms.php(14): require_once('/opt/lampp/htdo...')
#3 /opt/lampp/htdocs/infosystems/wp-settings.php(560): include_once('/opt/lampp/htdo...')
#4 /opt/lampp/htdocs/infosystems/wp-config.php(105): require_once('/opt/lampp/htdo...')
#5 /opt/lampp/htdocs/infosystems/wp-load.php(50): require_once('/opt/lampp/htdo...')
#6 /opt/lampp/htdocs/infosystems/wp-admin/admin-ajax.php(22): require_once('/opt/lampp/htdo...')
#7 {main}
  thrown in /opt/lampp/htdocs/infosystems/wp-content/plugins/infosystems-iwms/includes/class-init.php on line 31
[03-Mar-2026 09:00:17 UTC] PHP Fatal error:  Uncaught Error: Class "IWMS_TimeTracker" not found in /opt/lampp/htdocs/infosystems/wp-content/plugins/infosystems-iwms/includes/class-init.php:31
Stack trace:
#0 /opt/lampp/htdocs/infosystems/wp-content/plugins/infosystems-iwms/includes/class-init.php(8): IWMS_Init->init_modules()
#1 /opt/lampp/htdocs/infosystems/wp-content/plugins/infosystems-iwms/includes/class-init.php(40): IWMS_Init->__construct()
#2 /opt/lampp/htdocs/infosystems/wp-content/plugins/infosystems-iwms/infosystems-iwms.php(14): require_once('/opt/lampp/htdo...')
#3 /opt/lampp/htdocs/infosystems/wp-settings.php(560): include_once('/opt/lampp/htdo...')
#4 /opt/lampp/htdocs/infosystems/wp-config.php(105): require_once('/opt/lampp/htdo...')
#5 /opt/lampp/htdocs/infosystems/wp-load.php(50): require_once('/opt/lampp/htdo...')
#6 /opt/lampp/htdocs/infosystems/wp-admin/admin.php(35): require_once('/opt/lampp/htdo...')
#7 /opt/lampp/htdocs/infosystems/wp-admin/edit.php(10): require_once('/opt/lampp/htdo...')
#8 {main}
  thrown in /opt/lampp/htdocs/infosystems/wp-content/plugins/infosystems-iwms/includes/class-init.php on line 31
[03-Mar-2026 09:00:17 UTC] PHP Fatal error:  Uncaught Error: Class "IWMS_TimeTracker" not found in /opt/lampp/htdocs/infosystems/wp-content/plugins/infosystems-iwms/includes/class-init.php:31
Stack trace:
#0 /opt/lampp/htdocs/infosystems/wp-content/plugins/infosystems-iwms/includes/class-init.php(8): IWMS_Init->init_modules()
#1 /opt/lampp/htdocs/infosystems/wp-content/plugins/infosystems-iwms/includes/class-init.php(40): IWMS_Init->__construct()
#2 /opt/lampp/htdocs/infosystems/wp-content/plugins/infosystems-iwms/infosystems-iwms.php(14): require_once('/opt/lampp/htdo...')
#3 /opt/lampp/htdocs/infosystems/wp-settings.php(560): include_once('/opt/lampp/htdo...')
#4 /opt/lampp/htdocs/infosystems/wp-config.php(105): require_once('/opt/lampp/htdo...')
#5 /opt/lampp/htdocs/infosystems/wp-load.php(50): require_once('/opt/lampp/htdo...')
#6 /opt/lampp/htdocs/infosystems/wp-admin/admin-ajax.php(22): require_once('/opt/lampp/htdo...')
#7 {main}
  thrown in /opt/lampp/htdocs/infosystems/wp-content/plugins/infosystems-iwms/includes/class-init.php on line 31
[03-Mar-2026 09:00:21 UTC] PHP Fatal error:  Uncaught Error: Class "IWMS_TimeTracker" not found in /opt/lampp/htdocs/infosystems/wp-content/plugins/infosystems-iwms/includes/class-init.php:31
Stack trace:
#0 /opt/lampp/htdocs/infosystems/wp-content/plugins/infosystems-iwms/includes/class-init.php(8): IWMS_Init->init_modules()
#1 /opt/lampp/htdocs/infosystems/wp-content/plugins/infosystems-iwms/includes/class-init.php(40): IWMS_Init->__construct()
#2 /opt/lampp/htdocs/infosystems/wp-content/plugins/infosystems-iwms/infosystems-iwms.php(14): require_once('/opt/lampp/htdo...')
#3 /opt/lampp/htdocs/infosystems/wp-settings.php(560): include_once('/opt/lampp/htdo...')
#4 /opt/lampp/htdocs/infosystems/wp-config.php(105): require_once('/opt/lampp/htdo...')
#5 /opt/lampp/htdocs/infosystems/wp-load.php(50): require_once('/opt/lampp/htdo...')
#6 /opt/lampp/htdocs/infosystems/wp-admin/admin.php(35): require_once('/opt/lampp/htdo...')
#7 /opt/lampp/htdocs/infosystems/wp-admin/edit.php(10): require_once('/opt/lampp/htdo...')
#8 {main}
  thrown in /opt/lampp/htdocs/infosystems/wp-content/plugins/infosystems-iwms/includes/class-init.php on line 31
[03-Mar-2026 09:01:21 UTC] PHP Fatal error:  Uncaught Error: Class "IWMS_TimeTracker" not found in /opt/lampp/htdocs/infosystems/wp-content/plugins/infosystems-iwms/includes/class-init.php:31
Stack trace:
#0 /opt/lampp/htdocs/infosystems/wp-content/plugins/infosystems-iwms/includes/class-init.php(8): IWMS_Init->init_modules()
#1 /opt/lampp/htdocs/infosystems/wp-content/plugins/infosystems-iwms/includes/class-init.php(40): IWMS_Init->__construct()
#2 /opt/lampp/htdocs/infosystems/wp-content/plugins/infosystems-iwms/infosystems-iwms.php(14): require_once('/opt/lampp/htdo...')
#3 /opt/lampp/htdocs/infosystems/wp-settings.php(560): include_once('/opt/lampp/htdo...')
#4 /opt/lampp/htdocs/infosystems/wp-config.php(105): require_once('/opt/lampp/htdo...')
#5 /opt/lampp/htdocs/infosystems/wp-load.php(50): require_once('/opt/lampp/htdo...')
#6 /opt/lampp/htdocs/infosystems/wp-admin/admin.php(35): require_once('/opt/lampp/htdo...')
#7 /opt/lampp/htdocs/infosystems/wp-admin/edit.php(10): require_once('/opt/lampp/htdo...')
#8 {main}
  thrown in /opt/lampp/htdocs/infosystems/wp-content/plugins/infosystems-iwms/includes/class-init.php on line 31
[03-Mar-2026 09:02:35 UTC] WordPress database error Table 'infosystems.wp_iwms_timelogs' doesn't exist for query SELECT * FROM wp_iwms_timelogs WHERE status = 'running' AND TIMESTAMPDIFF(SECOND, start_time, NOW()) > 32400 made by do_action_ref_array('iwms_auto_stop_timers'), WP_Hook->do_action, WP_Hook->apply_filters, IWMS_TimeTracker->auto_stop_timers
[03-Mar-2026 09:02:36 UTC] WordPress database error Table 'infosystems.wp_iwms_projects' doesn't exist for query SELECT p.*, u.display_name as manager_name,
                        COUNT(pa.user_id) as team_size
                 FROM wp_iwms_projects p 
                 LEFT JOIN wp_users u ON p.manager_id = u.ID
                 LEFT JOIN wp_iwms_project_assignments pa ON p.id = pa.project_id
                 GROUP BY p.id
                 ORDER BY p.created_at DESC made by do_action('wp_ajax_iwms_get_projects'), WP_Hook->do_action, WP_Hook->apply_filters, IWMS_Projects->get_projects
[03-Mar-2026 09:02:36 UTC] WordPress database error Table 'infosystems.wp_iwms_timelogs' doesn't exist for query SELECT * FROM wp_iwms_timelogs WHERE user_id = 1 AND MONTH(date) = 3 AND YEAR(date) = 2026 ORDER BY date DESC, start_time DESC made by do_action('wp_ajax_iwms_get_time_logs'), WP_Hook->do_action, WP_Hook->apply_filters, IWMS_TimeTracker->get_time_logs
[03-Mar-2026 09:02:36 UTC] WordPress database error Table 'infosystems.wp_iwms_timelogs' doesn't exist for query SELECT * FROM wp_iwms_timelogs WHERE user_id = 1 AND MONTH(date) = 3 AND YEAR(date) = 2026 ORDER BY date DESC, start_time DESC made by do_action('wp_ajax_iwms_get_time_logs'), WP_Hook->do_action, WP_Hook->apply_filters, IWMS_TimeTracker->get_time_logs
[03-Mar-2026 09:02:40 UTC] WordPress database error Table 'infosystems.wp_iwms_projects' doesn't exist for query SELECT p.*, u.display_name as manager_name,
                        COUNT(pa.user_id) as team_size
                 FROM wp_iwms_projects p 
                 LEFT JOIN wp_users u ON p.manager_id = u.ID
                 LEFT JOIN wp_iwms_project_assignments pa ON p.id = pa.project_id
                 GROUP BY p.id
                 ORDER BY p.created_at DESC made by do_action('wp_ajax_iwms_get_projects'), WP_Hook->do_action, WP_Hook->apply_filters, IWMS_Projects->get_projects
[03-Mar-2026 09:02:40 UTC] WordPress database error Table 'infosystems.wp_iwms_timelogs' doesn't exist for query SELECT * FROM wp_iwms_timelogs WHERE user_id = 1 AND MONTH(date) = 3 AND YEAR(date) = 2026 ORDER BY date DESC, start_time DESC made by do_action('wp_ajax_iwms_get_time_logs'), WP_Hook->do_action, WP_Hook->apply_filters, IWMS_TimeTracker->get_time_logs
[03-Mar-2026 09:02:40 UTC] WordPress database error Table 'infosystems.wp_iwms_timelogs' doesn't exist for query SELECT * FROM wp_iwms_timelogs WHERE user_id = 1 AND MONTH(date) = 3 AND YEAR(date) = 2026 ORDER BY date DESC, start_time DESC made by do_action('wp_ajax_iwms_get_time_logs'), WP_Hook->do_action, WP_Hook->apply_filters, IWMS_TimeTracker->get_time_logs
[03-Mar-2026 09:02:46 UTC] PHP Fatal error:  Uncaught TypeError: call_user_func_array(): Argument #1 ($callback) must be a valid callback, non-static method IWMS_Database::create_tables() cannot be called statically in /opt/lampp/htdocs/infosystems/wp-includes/class-wp-hook.php:341
Stack trace:
#0 /opt/lampp/htdocs/infosystems/wp-includes/class-wp-hook.php(365): WP_Hook->apply_filters(NULL, Array)
#1 /opt/lampp/htdocs/infosystems/wp-includes/plugin.php(522): WP_Hook->do_action(Array)
#2 /opt/lampp/htdocs/infosystems/wp-admin/includes/plugin.php(703): do_action('activate_infosy...', false)
#3 /opt/lampp/htdocs/infosystems/wp-admin/plugins.php(60): activate_plugin('infosystems-iwm...', 'http://localhos...', false)
#4 {main}
  thrown in /opt/lampp/htdocs/infosystems/wp-includes/class-wp-hook.php on line 341
[03-Mar-2026 09:06:01 UTC] PHP Fatal error:  Uncaught TypeError: call_user_func_array(): Argument #1 ($callback) must be a valid callback, non-static method IWMS_Database::create_tables() cannot be called statically in /opt/lampp/htdocs/infosystems/wp-includes/class-wp-hook.php:341
Stack trace:
#0 /opt/lampp/htdocs/infosystems/wp-includes/class-wp-hook.php(365): WP_Hook->apply_filters(NULL, Array)
#1 /opt/lampp/htdocs/infosystems/wp-includes/plugin.php(522): WP_Hook->do_action(Array)
#2 /opt/lampp/htdocs/infosystems/wp-admin/includes/plugin.php(703): do_action('activate_infosy...', false)
#3 /opt/lampp/htdocs/infosystems/wp-admin/plugins.php(60): activate_plugin('infosystems-iwm...', 'http://localhos...', false)
#4 {main}
  thrown in /opt/lampp/htdocs/infosystems/wp-includes/class-wp-hook.php on line 341
[03-Mar-2026 09:09:03 UTC] Automatic updates starting...
[03-Mar-2026 09:09:03 UTC] Automatic updates complete.
[03-Mar-2026 09:09:49 UTC] PHP Parse error:  syntax error, unexpected token "public" in /opt/lampp/htdocs/infosystems/wp-content/plugins/infosystems-iwms/includes/class-dashboard.php on line 117
[03-Mar-2026 09:09:56 UTC] PHP Parse error:  syntax error, unexpected token "public" in /opt/lampp/htdocs/infosystems/wp-content/plugins/infosystems-iwms/includes/class-dashboard.php on line 117
[03-Mar-2026 09:10:11 UTC] PHP Parse error:  syntax error, unexpected token "public" in /opt/lampp/htdocs/infosystems/wp-content/plugins/infosystems-iwms/includes/class-dashboard.php on line 117
[03-Mar-2026 09:12:28 UTC] PHP Parse error:  syntax error, unexpected token "public" in /opt/lampp/htdocs/infosystems/wp-content/plugins/infosystems-iwms/includes/class-dashboard.php on line 117
[03-Mar-2026 09:13:26 UTC] PHP Parse error:  syntax error, unexpected token "public" in /opt/lampp/htdocs/infosystems/wp-content/plugins/infosystems-iwms/includes/class-dashboard.php on line 117
[03-Mar-2026 09:17:35 UTC] Cron reschedule event error for hook: iwms_auto_stop_timers, Error code: invalid_schedule, Error message: Event schedule does not exist., Data: {"schedule":"every_fifteen_minutes","args":[],"interval":900}
[03-Mar-2026 09:18:27 UTC] PHP Parse error:  syntax error, unexpected token "public" in /opt/lampp/htdocs/infosystems/wp-content/plugins/infosystems-iwms/includes/class-dashboard.php on line 117
[03-Mar-2026 09:18:31 UTC] PHP Parse error:  syntax error, unexpected token "public" in /opt/lampp/htdocs/infosystems/wp-content/plugins/infosystems-iwms/includes/class-dashboard.php on line 117
[03-Mar-2026 09:18:33 UTC] PHP Parse error:  syntax error, unexpected token "public" in /opt/lampp/htdocs/infosystems/wp-content/plugins/infosystems-iwms/includes/class-dashboard.php on line 117
[03-Mar-2026 09:18:34 UTC] PHP Parse error:  syntax error, unexpected token "public" in /opt/lampp/htdocs/infosystems/wp-content/plugins/infosystems-iwms/includes/class-dashboard.php on line 117
[03-Mar-2026 09:18:34 UTC] PHP Parse error:  syntax error, unexpected token "public" in /opt/lampp/htdocs/infosystems/wp-content/plugins/infosystems-iwms/includes/class-dashboard.php on line 117
[03-Mar-2026 09:22:40 UTC] PHP Warning:  require_once(/opt/lampp/htdocs/infosystems/wp-content/plugins/infosystems-iwms/includes/class-database.php): Failed to open stream: No such file or directory in /opt/lampp/htdocs/infosystems/wp-content/plugins/infosystems-iwms/infosystems-iwms.php on line 15
[03-Mar-2026 09:22:40 UTC] PHP Fatal error:  Uncaught Error: Failed opening required '/opt/lampp/htdocs/infosystems/wp-content/plugins/infosystems-iwms/includes/class-database.php' (include_path='.:/opt/lampp/lib/php') in /opt/lampp/htdocs/infosystems/wp-content/plugins/infosystems-iwms/infosystems-iwms.php:15
Stack trace:
#0 /opt/lampp/htdocs/infosystems/wp-settings.php(560): include_once()
#1 /opt/lampp/htdocs/infosystems/wp-config.php(105): require_once('/opt/lampp/htdo...')
#2 /opt/lampp/htdocs/infosystems/wp-load.php(50): require_once('/opt/lampp/htdo...')
#3 /opt/lampp/htdocs/infosystems/wp-admin/admin-ajax.php(22): require_once('/opt/lampp/htdo...')
#4 {main}
  thrown in /opt/lampp/htdocs/infosystems/wp-content/plugins/infosystems-iwms/infosystems-iwms.php on line 15
[03-Mar-2026 09:22:42 UTC] PHP Warning:  require_once(/opt/lampp/htdocs/infosystems/wp-content/plugins/infosystems-iwms/includes/class-database.php): Failed to open stream: No such file or directory in /opt/lampp/htdocs/infosystems/wp-content/plugins/infosystems-iwms/infosystems-iwms.php on line 15
[03-Mar-2026 09:22:42 UTC] PHP Fatal error:  Uncaught Error: Failed opening required '/opt/lampp/htdocs/infosystems/wp-content/plugins/infosystems-iwms/includes/class-database.php' (include_path='.:/opt/lampp/lib/php') in /opt/lampp/htdocs/infosystems/wp-content/plugins/infosystems-iwms/infosystems-iwms.php:15
Stack trace:
#0 /opt/lampp/htdocs/infosystems/wp-settings.php(560): include_once()
#1 /opt/lampp/htdocs/infosystems/wp-config.php(105): require_once('/opt/lampp/htdo...')
#2 /opt/lampp/htdocs/infosystems/wp-load.php(50): require_once('/opt/lampp/htdo...')
#3 /opt/lampp/htdocs/infosystems/wp-admin/admin-ajax.php(22): require_once('/opt/lampp/htdo...')
#4 {main}
  thrown in /opt/lampp/htdocs/infosystems/wp-content/plugins/infosystems-iwms/infosystems-iwms.php on line 15
[03-Mar-2026 09:22:42 UTC] PHP Warning:  require_once(/opt/lampp/htdocs/infosystems/wp-content/plugins/infosystems-iwms/includes/class-database.php): Failed to open stream: No such file or directory in /opt/lampp/htdocs/infosystems/wp-content/plugins/infosystems-iwms/infosystems-iwms.php on line 15
[03-Mar-2026 09:22:42 UTC] PHP Fatal error:  Uncaught Error: Failed opening required '/opt/lampp/htdocs/infosystems/wp-content/plugins/infosystems-iwms/includes/class-database.php' (include_path='.:/opt/lampp/lib/php') in /opt/lampp/htdocs/infosystems/wp-content/plugins/infosystems-iwms/infosystems-iwms.php:15
Stack trace:
#0 /opt/lampp/htdocs/infosystems/wp-settings.php(560): include_once()
#1 /opt/lampp/htdocs/infosystems/wp-config.php(105): require_once('/opt/lampp/htdo...')
#2 /opt/lampp/htdocs/infosystems/wp-load.php(50): require_once('/opt/lampp/htdo...')
#3 /opt/lampp/htdocs/infosystems/wp-admin/admin-ajax.php(22): require_once('/opt/lampp/htdo...')
#4 {main}
  thrown in /opt/lampp/htdocs/infosystems/wp-content/plugins/infosystems-iwms/infosystems-iwms.php on line 15
[03-Mar-2026 09:22:43 UTC] PHP Warning:  require_once(/opt/lampp/htdocs/infosystems/wp-content/plugins/infosystems-iwms/includes/class-database.php): Failed to open stream: No such file or directory in /opt/lampp/htdocs/infosystems/wp-content/plugins/infosystems-iwms/infosystems-iwms.php on line 15
[03-Mar-2026 09:22:43 UTC] PHP Fatal error:  Uncaught Error: Failed opening required '/opt/lampp/htdocs/infosystems/wp-content/plugins/infosystems-iwms/includes/class-database.php' (include_path='.:/opt/lampp/lib/php') in /opt/lampp/htdocs/infosystems/wp-content/plugins/infosystems-iwms/infosystems-iwms.php:15
Stack trace:
#0 /opt/lampp/htdocs/infosystems/wp-settings.php(560): include_once()
#1 /opt/lampp/htdocs/infosystems/wp-config.php(105): require_once('/opt/lampp/htdo...')
#2 /opt/lampp/htdocs/infosystems/wp-load.php(50): require_once('/opt/lampp/htdo...')
#3 /opt/lampp/htdocs/infosystems/wp-admin/admin-ajax.php(22): require_once('/opt/lampp/htdo...')
#4 {main}
  thrown in /opt/lampp/htdocs/infosystems/wp-content/plugins/infosystems-iwms/infosystems-iwms.php on line 15
[03-Mar-2026 09:22:44 UTC] PHP Warning:  require_once(/opt/lampp/htdocs/infosystems/wp-content/plugins/infosystems-iwms/includes/class-database.php): Failed to open stream: No such file or directory in /opt/lampp/htdocs/infosystems/wp-content/plugins/infosystems-iwms/infosystems-iwms.php on line 15
[03-Mar-2026 09:22:44 UTC] PHP Fatal error:  Uncaught Error: Failed opening required '/opt/lampp/htdocs/infosystems/wp-content/plugins/infosystems-iwms/includes/class-database.php' (include_path='.:/opt/lampp/lib/php') in /opt/lampp/htdocs/infosystems/wp-content/plugins/infosystems-iwms/infosystems-iwms.php:15
Stack trace:
#0 /opt/lampp/htdocs/infosystems/wp-settings.php(560): include_once()
#1 /opt/lampp/htdocs/infosystems/wp-config.php(105): require_once('/opt/lampp/htdo...')
#2 /opt/lampp/htdocs/infosystems/wp-load.php(50): require_once('/opt/lampp/htdo...')
#3 /opt/lampp/htdocs/infosystems/wp-admin/admin-ajax.php(22): require_once('/opt/lampp/htdo...')
#4 {main}
  thrown in /opt/lampp/htdocs/infosystems/wp-content/plugins/infosystems-iwms/infosystems-iwms.php on line 15
[03-Mar-2026 09:27:39 UTC] PHP Warning:  require_once(/opt/lampp/htdocs/infosystems/wp-content/plugins/infosystems-iwms/includes/class-reports.php): Failed to open stream: No such file or directory in /opt/lampp/htdocs/infosystems/wp-content/plugins/infosystems-iwms/includes/class-init.php on line 22
[03-Mar-2026 09:27:39 UTC] PHP Fatal error:  Uncaught Error: Failed opening required '/opt/lampp/htdocs/infosystems/wp-content/plugins/infosystems-iwms/includes/class-reports.php' (include_path='.:/opt/lampp/lib/php') in /opt/lampp/htdocs/infosystems/wp-content/plugins/infosystems-iwms/includes/class-init.php:22
Stack trace:
#0 /opt/lampp/htdocs/infosystems/wp-content/plugins/infosystems-iwms/includes/class-init.php(7): IWMS_Init->load_dependencies()
#1 /opt/lampp/htdocs/infosystems/wp-content/plugins/infosystems-iwms/includes/class-init.php(54): IWMS_Init->__construct()
#2 /opt/lampp/htdocs/infosystems/wp-includes/class-wp-hook.php(341): {closure}('')
#3 /opt/lampp/htdocs/infosystems/wp-includes/class-wp-hook.php(365): WP_Hook->apply_filters(NULL, Array)
#4 /opt/lampp/htdocs/infosystems/wp-includes/plugin.php(522): WP_Hook->do_action(Array)
#5 /opt/lampp/htdocs/infosystems/wp-settings.php(593): do_action('plugins_loaded')
#6 /opt/lampp/htdocs/infosystems/wp-config.php(105): require_once('/opt/lampp/htdo...')
#7 /opt/lampp/htdocs/infosystems/wp-load.php(50): require_once('/opt/lampp/htdo...')
#8 /opt/lampp/htdocs/infosystems/wp-admin/admin-ajax.php(22): require_once('/opt/lampp/htdo...')
#9 {main}
  thrown in /opt/lampp/htdocs/infosystems/wp-content/plugins/infosystems-iwms/includes/class-init.php on line 22
[03-Mar-2026 09:28:57 UTC] PHP Warning:  require_once(/opt/lampp/htdocs/infosystems/wp-content/plugins/infosystems-iwms/includes/class-api.php): Failed to open stream: No such file or directory in /opt/lampp/htdocs/infosystems/wp-content/plugins/infosystems-iwms/includes/class-init.php on line 23
[03-Mar-2026 09:28:57 UTC] PHP Fatal error:  Uncaught Error: Failed opening required '/opt/lampp/htdocs/infosystems/wp-content/plugins/infosystems-iwms/includes/class-api.php' (include_path='.:/opt/lampp/lib/php') in /opt/lampp/htdocs/infosystems/wp-content/plugins/infosystems-iwms/includes/class-init.php:23
Stack trace:
#0 /opt/lampp/htdocs/infosystems/wp-content/plugins/infosystems-iwms/includes/class-init.php(7): IWMS_Init->load_dependencies()
#1 /opt/lampp/htdocs/infosystems/wp-content/plugins/infosystems-iwms/includes/class-init.php(54): IWMS_Init->__construct()
#2 /opt/lampp/htdocs/infosystems/wp-includes/class-wp-hook.php(341): {closure}('')
#3 /opt/lampp/htdocs/infosystems/wp-includes/class-wp-hook.php(365): WP_Hook->apply_filters(NULL, Array)
#4 /opt/lampp/htdocs/infosystems/wp-includes/plugin.php(522): WP_Hook->do_action(Array)
#5 /opt/lampp/htdocs/infosystems/wp-settings.php(593): do_action('plugins_loaded')
#6 /opt/lampp/htdocs/infosystems/wp-config.php(105): require_once('/opt/lampp/htdo...')
#7 /opt/lampp/htdocs/infosystems/wp-load.php(50): require_once('/opt/lampp/htdo...')
#8 /opt/lampp/htdocs/infosystems/wp-admin/admin-ajax.php(22): require_once('/opt/lampp/htdo...')
#9 {main}
  thrown in /opt/lampp/htdocs/infosystems/wp-content/plugins/infosystems-iwms/includes/class-init.php on line 23
[03-Mar-2026 09:38:02 UTC] WordPress database error Unknown column 'l.created_at' in 'order clause' for query SELECT l.*, u.display_name
                 FROM wp_iwms_leaves l
                 LEFT JOIN wp_users u ON l.user_id = u.ID
                 WHERE l.status IN ('pending', 'manager_approved')
                 ORDER BY l.created_at DESC made by do_action('wp_ajax_iwms_get_pending_leaves'), WP_Hook->do_action, WP_Hook->apply_filters, IWMS_Leaves->get_pending_leaves
[03-Mar-2026 09:38:02 UTC] WordPress database error Unknown column 'l.created_at' in 'order clause' for query SELECT l.*, u.display_name, 
                    approver.display_name as approver_name
             FROM wp_iwms_leaves l 
             LEFT JOIN wp_users u ON l.user_id = u.ID
             LEFT JOIN wp_users approver ON l.approved_by = approver.ID
             WHERE l.user_id = 1 
             ORDER BY l.created_at DESC made by do_action('wp_ajax_iwms_get_leaves'), WP_Hook->do_action, WP_Hook->apply_filters, IWMS_Leaves->get_leaves
[03-Mar-2026 09:38:07 UTC] WordPress database error Unknown column 'l.created_at' in 'order clause' for query SELECT l.*, u.display_name, 
                    approver.display_name as approver_name
             FROM wp_iwms_leaves l 
             LEFT JOIN wp_users u ON l.user_id = u.ID
             LEFT JOIN wp_users approver ON l.approved_by = approver.ID
             WHERE l.user_id = 1 
             ORDER BY l.created_at DESC made by do_action('wp_ajax_iwms_get_leaves'), WP_Hook->do_action, WP_Hook->apply_filters, IWMS_Leaves->get_leaves
[03-Mar-2026 09:38:07 UTC] WordPress database error Unknown column 'l.created_at' in 'order clause' for query SELECT l.*, u.display_name
                 FROM wp_iwms_leaves l
                 LEFT JOIN wp_users u ON l.user_id = u.ID
                 WHERE l.status IN ('pending', 'manager_approved')
                 ORDER BY l.created_at DESC made by do_action('wp_ajax_iwms_get_pending_leaves'), WP_Hook->do_action, WP_Hook->apply_filters, IWMS_Leaves->get_pending_leaves
[03-Mar-2026 09:38:16 UTC] WordPress database error Unknown column 'l.created_at' in 'order clause' for query SELECT l.*, u.display_name, 
                    approver.display_name as approver_name
             FROM wp_iwms_leaves l 
             LEFT JOIN wp_users u ON l.user_id = u.ID
             LEFT JOIN wp_users approver ON l.approved_by = approver.ID
             WHERE l.user_id = 1 
             ORDER BY l.created_at DESC made by do_action('wp_ajax_iwms_get_leaves'), WP_Hook->do_action, WP_Hook->apply_filters, IWMS_Leaves->get_leaves
[03-Mar-2026 09:38:16 UTC] WordPress database error Unknown column 'l.created_at' in 'order clause' for query SELECT l.*, u.display_name
                 FROM wp_iwms_leaves l
                 LEFT JOIN wp_users u ON l.user_id = u.ID
                 WHERE l.status IN ('pending', 'manager_approved')
                 ORDER BY l.created_at DESC made by do_action('wp_ajax_iwms_get_pending_leaves'), WP_Hook->do_action, WP_Hook->apply_filters, IWMS_Leaves->get_pending_leaves
[03-Mar-2026 09:38:29 UTC] WordPress database error Unknown column 'l.created_at' in 'order clause' for query SELECT l.*, u.display_name, 
                    approver.display_name as approver_name
             FROM wp_iwms_leaves l 
             LEFT JOIN wp_users u ON l.user_id = u.ID
             LEFT JOIN wp_users approver ON l.approved_by = approver.ID
             WHERE l.user_id = 1 
             ORDER BY l.created_at DESC made by do_action('wp_ajax_iwms_get_leaves'), WP_Hook->do_action, WP_Hook->apply_filters, IWMS_Leaves->get_leaves
[03-Mar-2026 09:38:29 UTC] WordPress database error Unknown column 'l.created_at' in 'order clause' for query SELECT l.*, u.display_name
                 FROM wp_iwms_leaves l
                 LEFT JOIN wp_users u ON l.user_id = u.ID
                 WHERE l.status IN ('pending', 'manager_approved')
                 ORDER BY l.created_at DESC made by do_action('wp_ajax_iwms_get_pending_leaves'), WP_Hook->do_action, WP_Hook->apply_filters, IWMS_Leaves->get_pending_leaves
[03-Mar-2026 09:38:58 UTC] WordPress database error Unknown column 'l.created_at' in 'order clause' for query SELECT l.*, u.display_name, 
                    approver.display_name as approver_name
             FROM wp_iwms_leaves l 
             LEFT JOIN wp_users u ON l.user_id = u.ID
             LEFT JOIN wp_users approver ON l.approved_by = approver.ID
             WHERE l.user_id = 1 
             ORDER BY l.created_at DESC made by do_action('wp_ajax_iwms_get_leaves'), WP_Hook->do_action, WP_Hook->apply_filters, IWMS_Leaves->get_leaves
[03-Mar-2026 09:38:58 UTC] WordPress database error Unknown column 'l.created_at' in 'order clause' for query SELECT l.*, u.display_name
                 FROM wp_iwms_leaves l
                 LEFT JOIN wp_users u ON l.user_id = u.ID
                 WHERE l.status IN ('pending', 'manager_approved')
                 ORDER BY l.created_at DESC made by do_action('wp_ajax_iwms_get_pending_leaves'), WP_Hook->do_action, WP_Hook->apply_filters, IWMS_Leaves->get_pending_leaves
[03-Mar-2026 09:39:30 UTC] WordPress database error Unknown column 'l.created_at' in 'order clause' for query SELECT l.*, u.display_name
                 FROM wp_iwms_leaves l
                 LEFT JOIN wp_users u ON l.user_id = u.ID
                 WHERE l.status IN ('pending', 'manager_approved')
                 ORDER BY l.created_at DESC made by do_action('wp_ajax_iwms_get_pending_leaves'), WP_Hook->do_action, WP_Hook->apply_filters, IWMS_Leaves->get_pending_leaves
[03-Mar-2026 09:39:30 UTC] WordPress database error Unknown column 'l.created_at' in 'order clause' for query SELECT l.*, u.display_name, 
                    approver.display_name as approver_name
             FROM wp_iwms_leaves l 
             LEFT JOIN wp_users u ON l.user_id = u.ID
             LEFT JOIN wp_users approver ON l.approved_by = approver.ID
             WHERE l.user_id = 1 
             ORDER BY l.created_at DESC made by do_action('wp_ajax_iwms_get_leaves'), WP_Hook->do_action, WP_Hook->apply_filters, IWMS_Leaves->get_leaves
[03-Mar-2026 09:39:33 UTC] WordPress database error Unknown column 'l.created_at' in 'order clause' for query SELECT l.*, u.display_name, 
                    approver.display_name as approver_name
             FROM wp_iwms_leaves l 
             LEFT JOIN wp_users u ON l.user_id = u.ID
             LEFT JOIN wp_users approver ON l.approved_by = approver.ID
             WHERE l.user_id = 1 
             ORDER BY l.created_at DESC made by do_action('wp_ajax_iwms_get_leaves'), WP_Hook->do_action, WP_Hook->apply_filters, IWMS_Leaves->get_leaves
[03-Mar-2026 09:39:33 UTC] WordPress database error Unknown column 'l.created_at' in 'order clause' for query SELECT l.*, u.display_name
                 FROM wp_iwms_leaves l
                 LEFT JOIN wp_users u ON l.user_id = u.ID
                 WHERE l.status IN ('pending', 'manager_approved')
                 ORDER BY l.created_at DESC made by do_action('wp_ajax_iwms_get_pending_leaves'), WP_Hook->do_action, WP_Hook->apply_filters, IWMS_Leaves->get_pending_leaves
[03-Mar-2026 10:24:46 UTC] PHP Warning:  require_once(/opt/lampp/htdocs/infosystems/wp-content/plugins/infosystems-iwms/includes/class-timesheets.php): Failed to open stream: No such file or directory in /opt/lampp/htdocs/infosystems/wp-content/plugins/infosystems-iwms/includes/class-init.php on line 21
[03-Mar-2026 10:24:46 UTC] PHP Fatal error:  Uncaught Error: Failed opening required '/opt/lampp/htdocs/infosystems/wp-content/plugins/infosystems-iwms/includes/class-timesheets.php' (include_path='.:/opt/lampp/lib/php') in /opt/lampp/htdocs/infosystems/wp-content/plugins/infosystems-iwms/includes/class-init.php:21
Stack trace:
#0 /opt/lampp/htdocs/infosystems/wp-content/plugins/infosystems-iwms/includes/class-init.php(7): IWMS_Init->load_dependencies()
#1 /opt/lampp/htdocs/infosystems/wp-content/plugins/infosystems-iwms/includes/class-init.php(56): IWMS_Init->__construct()
#2 /opt/lampp/htdocs/infosystems/wp-includes/class-wp-hook.php(341): {closure}('')
#3 /opt/lampp/htdocs/infosystems/wp-includes/class-wp-hook.php(365): WP_Hook->apply_filters(NULL, Array)
#4 /opt/lampp/htdocs/infosystems/wp-includes/plugin.php(522): WP_Hook->do_action(Array)
#5 /opt/lampp/htdocs/infosystems/wp-settings.php(593): do_action('plugins_loaded')
#6 /opt/lampp/htdocs/infosystems/wp-config.php(105): require_once('/opt/lampp/htdo...')
#7 /opt/lampp/htdocs/infosystems/wp-load.php(50): require_once('/opt/lampp/htdo...')
#8 /opt/lampp/htdocs/infosystems/wp-admin/admin-ajax.php(22): require_once('/opt/lampp/htdo...')
#9 {main}
  thrown in /opt/lampp/htdocs/infosystems/wp-content/plugins/infosystems-iwms/includes/class-init.php on line 21
[05-Mar-2026 06:12:03 UTC] Automatic updates starting...
[05-Mar-2026 06:12:04 UTC] Automatic updates complete.
